<?xml version="1.0" encoding="UTF-8"?>
<!-- Generated by org.testng.reporters.JUnitReportReporter -->
<testsuite hostname="LAPTOP-KSS2SG1G" failures="0" tests="1" name="atech.TestNGchellange.BasicAnotation" time="0.012" errors="0" timestamp="2023-05-14T22:52:26 EDT" skipped="0">
  <testcase classname="atech.TestNGchellange.BasicAnotation" name="getTest" time="0.012"/>
  <system-out/>
</testsuite> <!-- atech.TestNGchellange.BasicAnotation -->
