<?xml version="1.0" encoding="UTF-8"?>
<!-- Generated by org.testng.reporters.JUnitReportReporter -->
<testsuite hostname="LAPTOP-KSS2SG1G" failures="0" tests="5" name="atech.ny.hooks.FailedTestCases" time="0.030" errors="0" timestamp="2023-05-15T17:12:35 EDT" skipped="0">
  <testcase classname="atech.ny.hooks.FailedTestCases" name="getTestFive" time="0.019"/>
  <system-out/>
  <testcase classname="atech.ny.hooks.FailedTestCases" name="getTestTwo" time="0.004"/>
  <system-out/>
  <testcase classname="atech.ny.hooks.FailedTestCases" name="getTestOne" time="0.003"/>
  <system-out/>
  <testcase classname="atech.ny.hooks.FailedTestCases" name="getTestThree" time="0.002"/>
  <system-out/>
  <testcase classname="atech.ny.hooks.FailedTestCases" name="getTestFour" time="0.002"/>
  <system-out/>
</testsuite> <!-- atech.ny.hooks.FailedTestCases -->
