<?xml version="1.0" encoding="UTF-8"?>
<!-- Generated by org.testng.reporters.JUnitReportReporter -->
<testsuite hostname="LAPTOP-KSS2SG1G" failures="0" tests="1" name="atech.TestNGchellange.DataProvider" time="9.053" errors="0" timestamp="2023-05-15T16:08:52 EDT" skipped="0">
  <testcase classname="atech.TestNGchellange.DataProvider" name="getLogin" time="9.053"/>
  <system-out/>
</testsuite> <!-- atech.TestNGchellange.DataProvider -->
