<?xml version="1.0" encoding="UTF-8"?>
<!-- Generated by org.testng.reporters.JUnitReportReporter -->
<testsuite hostname="LAPTOP-KSS2SG1G" failures="0" tests="5" name="atech.TestNGchellange.PriorityTest" time="0.021" errors="0" timestamp="2023-05-14T23:07:47 EDT" skipped="0">
  <testcase classname="atech.TestNGchellange.PriorityTest" name="getMethod5" time="0.014"/>
  <system-out/>
  <testcase classname="atech.TestNGchellange.PriorityTest" name="getMethod4" time="0.004"/>
  <system-out/>
  <testcase classname="atech.TestNGchellange.PriorityTest" name="getMethod2" time="0.001"/>
  <system-out/>
  <testcase classname="atech.TestNGchellange.PriorityTest" name="getMethod3" time="0.001"/>
  <system-out/>
  <testcase classname="atech.TestNGchellange.PriorityTest" name="getMethod1" time="0.001"/>
  <system-out/>
</testsuite> <!-- atech.TestNGchellange.PriorityTest -->
