<?xml version="1.0" encoding="UTF-8"?>
<!-- Generated by org.testng.reporters.JUnitReportReporter -->
<testsuite hostname="LAPTOP-KSS2SG1G" failures="0" tests="1" name="atech.TestNGChallanges.BasicAnotation" time="0.009" errors="0" timestamp="2023-05-13T16:26:11 EDT" skipped="0">
  <testcase classname="atech.TestNGChallanges.BasicAnotation" name="getTest" time="0.009"/>
  <system-out/>
</testsuite> <!-- atech.TestNGChallanges.BasicAnotation -->
