<?xml version="1.0" encoding="UTF-8"?>
<!-- Generated by org.testng.reporters.JUnitReportReporter -->
<testsuite hostname="LAPTOP-KSS2SG1G" failures="0" tests="4" name="atech.TestNGchellange.ParallalTesting" time="41.858" errors="0" timestamp="2023-05-15T14:47:12 EDT" skipped="0">
  <testcase classname="atech.TestNGchellange.ParallalTesting" name="smokeTest" time="9.230"/>
  <system-out/>
  <testcase classname="atech.TestNGchellange.ParallalTesting" name="regressionTest" time="10.882"/>
  <system-out/>
  <testcase classname="atech.TestNGchellange.ParallalTesting" name="sematyTest" time="11.034"/>
  <system-out/>
  <testcase classname="atech.TestNGchellange.ParallalTesting" name="functionalTest" time="10.712"/>
  <system-out/>
</testsuite> <!-- atech.TestNGchellange.ParallalTesting -->
