<?xml version="1.0" encoding="UTF-8"?>
<!-- Generated by org.testng.reporters.JUnitReportReporter -->
<testsuite hostname="LAPTOP-KSS2SG1G" failures="0" tests="5" name="atech.TestNGchellange.EnableTrueOrFalse" time="0.020" errors="0" timestamp="2023-05-15T01:09:51 EDT" skipped="2">
  <testcase classname="atech.TestNGchellange.EnableTrueOrFalse" name="getMethod4" time="0.002"/>
  <system-out/>
  <testcase classname="atech.TestNGchellange.EnableTrueOrFalse" name="getMethod1" time="0.016"/>
  <system-out/>
  <testcase classname="atech.TestNGchellange.EnableTrueOrFalse" name="getMethod2" time="0.002"/>
  <system-out/>
  <testcase classname="atech.TestNGchellange.EnableTrueOrFalse" name="getMethod5">
    <skipped/>
  </testcase> <!-- getMethod5 -->
  <system-out/>
  <testcase classname="atech.TestNGchellange.EnableTrueOrFalse" name="getMethod3">
    <skipped/>
  </testcase> <!-- getMethod3 -->
  <system-out/>
</testsuite> <!-- atech.TestNGchellange.EnableTrueOrFalse -->
