<?xml version="1.0" encoding="UTF-8"?>
<!-- Generated by org.testng.reporters.JUnitReportReporter -->
<testsuite hostname="LAPTOP-KSS2SG1G" failures="0" tests="4" name="atech.TestNGchellange.DataProviderTest" time="31.759" errors="0" timestamp="2023-05-15T16:23:14 EDT" skipped="0">
  <testcase classname="atech.TestNGchellange.DataProviderTest" name="getLogin" time="7.034"/>
  <system-out/>
  <testcase classname="atech.TestNGchellange.DataProviderTest" name="getLogin" time="9.364"/>
  <system-out/>
  <testcase classname="atech.TestNGchellange.DataProviderTest" name="getLogin" time="9.164"/>
  <system-out/>
  <testcase classname="atech.TestNGchellange.DataProviderTest" name="getLogin" time="6.197"/>
  <system-out/>
</testsuite> <!-- atech.TestNGchellange.DataProviderTest -->
