<?xml version="1.0" encoding="UTF-8"?>
<!-- Generated by org.testng.reporters.JUnitReportReporter -->
<testsuite hostname="LAPTOP-KSS2SG1G" failures="0" tests="100" name="atech.TestNGchellange.SameTestCaseRunMultipulTime" time="0.157" errors="0" timestamp="2023-05-15T01:21:30 EDT" skipped="0">
  <testcase classname="atech.TestNGchellange.SameTestCaseRunMultipulTime" name="getMethod" time="0.001"/>
  <system-out/>
  <testcase classname="atech.TestNGchellange.SameTestCaseRunMultipulTime" name="getMethod" time="0.001"/>
  <system-out/>
  <testcase classname="atech.TestNGchellange.SameTestCaseRunMultipulTime" name="getMethod" time="0.002"/>
  <system-out/>
  <testcase classname="atech.TestNGchellange.SameTestCaseRunMultipulTime" name="getMethod" time="0.002"/>
  <system-out/>
  <testcase classname="atech.TestNGchellange.SameTestCaseRunMultipulTime" name="getMethod" time="0.001"/>
  <system-out/>
  <testcase classname="atech.TestNGchellange.SameTestCaseRunMultipulTime" name="getMethod" time="0.014"/>
  <system-out/>
  <testcase classname="atech.TestNGchellange.SameTestCaseRunMultipulTime" name="getMethod" time="0.002"/>
  <system-out/>
  <testcase classname="atech.TestNGchellange.SameTestCaseRunMultipulTime" name="getMethod" time="0.004"/>
  <system-out/>
  <testcase classname="atech.TestNGchellange.SameTestCaseRunMultipulTime" name="getMethod" time="0.002"/>
  <system-out/>
  <testcase classname="atech.TestNGchellange.SameTestCaseRunMultipulTime" name="getMethod" time="0.000"/>
  <system-out/>
  <testcase classname="atech.TestNGchellange.SameTestCaseRunMultipulTime" name="getMethod" time="0.001"/>
  <system-out/>
  <testcase classname="atech.TestNGchellange.SameTestCaseRunMultipulTime" name="getMethod" time="0.001"/>
  <system-out/>
  <testcase classname="atech.TestNGchellange.SameTestCaseRunMultipulTime" name="getMethod" time="0.001"/>
  <system-out/>
  <testcase classname="atech.TestNGchellange.SameTestCaseRunMultipulTime" name="getMethod" time="0.001"/>
  <system-out/>
  <testcase classname="atech.TestNGchellange.SameTestCaseRunMultipulTime" name="getMethod" time="0.001"/>
  <system-out/>
  <testcase classname="atech.TestNGchellange.SameTestCaseRunMultipulTime" name="getMethod" time="0.001"/>
  <system-out/>
  <testcase classname="atech.TestNGchellange.SameTestCaseRunMultipulTime" name="getMethod" time="0.002"/>
  <system-out/>
  <testcase classname="atech.TestNGchellange.SameTestCaseRunMultipulTime" name="getMethod" time="0.002"/>
  <system-out/>
  <testcase classname="atech.TestNGchellange.SameTestCaseRunMultipulTime" name="getMethod" time="0.001"/>
  <system-out/>
  <testcase classname="atech.TestNGchellange.SameTestCaseRunMultipulTime" name="getMethod" time="0.001"/>
  <system-out/>
  <testcase classname="atech.TestNGchellange.SameTestCaseRunMultipulTime" name="getMethod" time="0.002"/>
  <system-out/>
  <testcase classname="atech.TestNGchellange.SameTestCaseRunMultipulTime" name="getMethod" time="0.001"/>
  <system-out/>
  <testcase classname="atech.TestNGchellange.SameTestCaseRunMultipulTime" name="getMethod" time="0.001"/>
  <system-out/>
  <testcase classname="atech.TestNGchellange.SameTestCaseRunMultipulTime" name="getMethod" time="0.001"/>
  <system-out/>
  <testcase classname="atech.TestNGchellange.SameTestCaseRunMultipulTime" name="getMethod" time="0.001"/>
  <system-out/>
  <testcase classname="atech.TestNGchellange.SameTestCaseRunMultipulTime" name="getMethod" time="0.001"/>
  <system-out/>
  <testcase classname="atech.TestNGchellange.SameTestCaseRunMultipulTime" name="getMethod" time="0.001"/>
  <system-out/>
  <testcase classname="atech.TestNGchellange.SameTestCaseRunMultipulTime" name="getMethod" time="0.003"/>
  <system-out/>
  <testcase classname="atech.TestNGchellange.SameTestCaseRunMultipulTime" name="getMethod" time="0.001"/>
  <system-out/>
  <testcase classname="atech.TestNGchellange.SameTestCaseRunMultipulTime" name="getMethod" time="0.001"/>
  <system-out/>
  <testcase classname="atech.TestNGchellange.SameTestCaseRunMultipulTime" name="getMethod" time="0.001"/>
  <system-out/>
  <testcase classname="atech.TestNGchellange.SameTestCaseRunMultipulTime" name="getMethod" time="0.002"/>
  <system-out/>
  <testcase classname="atech.TestNGchellange.SameTestCaseRunMultipulTime" name="getMethod" time="0.002"/>
  <system-out/>
  <testcase classname="atech.TestNGchellange.SameTestCaseRunMultipulTime" name="getMethod" time="0.002"/>
  <system-out/>
  <testcase classname="atech.TestNGchellange.SameTestCaseRunMultipulTime" name="getMethod" time="0.001"/>
  <system-out/>
  <testcase classname="atech.TestNGchellange.SameTestCaseRunMultipulTime" name="getMethod" time="0.002"/>
  <system-out/>
  <testcase classname="atech.TestNGchellange.SameTestCaseRunMultipulTime" name="getMethod" time="0.001"/>
  <system-out/>
  <testcase classname="atech.TestNGchellange.SameTestCaseRunMultipulTime" name="getMethod" time="0.002"/>
  <system-out/>
  <testcase classname="atech.TestNGchellange.SameTestCaseRunMultipulTime" name="getMethod" time="0.001"/>
  <system-out/>
  <testcase classname="atech.TestNGchellange.SameTestCaseRunMultipulTime" name="getMethod" time="0.000"/>
  <system-out/>
  <testcase classname="atech.TestNGchellange.SameTestCaseRunMultipulTime" name="getMethod" time="0.001"/>
  <system-out/>
  <testcase classname="atech.TestNGchellange.SameTestCaseRunMultipulTime" name="getMethod" time="0.002"/>
  <system-out/>
  <testcase classname="atech.TestNGchellange.SameTestCaseRunMultipulTime" name="getMethod" time="0.001"/>
  <system-out/>
  <testcase classname="atech.TestNGchellange.SameTestCaseRunMultipulTime" name="getMethod" time="0.002"/>
  <system-out/>
  <testcase classname="atech.TestNGchellange.SameTestCaseRunMultipulTime" name="getMethod" time="0.000"/>
  <system-out/>
  <testcase classname="atech.TestNGchellange.SameTestCaseRunMultipulTime" name="getMethod" time="0.001"/>
  <system-out/>
  <testcase classname="atech.TestNGchellange.SameTestCaseRunMultipulTime" name="getMethod" time="0.002"/>
  <system-out/>
  <testcase classname="atech.TestNGchellange.SameTestCaseRunMultipulTime" name="getMethod" time="0.001"/>
  <system-out/>
  <testcase classname="atech.TestNGchellange.SameTestCaseRunMultipulTime" name="getMethod" time="0.001"/>
  <system-out/>
  <testcase classname="atech.TestNGchellange.SameTestCaseRunMultipulTime" name="getMethod" time="0.003"/>
  <system-out/>
  <testcase classname="atech.TestNGchellange.SameTestCaseRunMultipulTime" name="getMethod" time="0.001"/>
  <system-out/>
  <testcase classname="atech.TestNGchellange.SameTestCaseRunMultipulTime" name="getMethod" time="0.003"/>
  <system-out/>
  <testcase classname="atech.TestNGchellange.SameTestCaseRunMultipulTime" name="getMethod" time="0.001"/>
  <system-out/>
  <testcase classname="atech.TestNGchellange.SameTestCaseRunMultipulTime" name="getMethod" time="0.001"/>
  <system-out/>
  <testcase classname="atech.TestNGchellange.SameTestCaseRunMultipulTime" name="getMethod" time="0.001"/>
  <system-out/>
  <testcase classname="atech.TestNGchellange.SameTestCaseRunMultipulTime" name="getMethod" time="0.002"/>
  <system-out/>
  <testcase classname="atech.TestNGchellange.SameTestCaseRunMultipulTime" name="getMethod" time="0.001"/>
  <system-out/>
  <testcase classname="atech.TestNGchellange.SameTestCaseRunMultipulTime" name="getMethod" time="0.001"/>
  <system-out/>
  <testcase classname="atech.TestNGchellange.SameTestCaseRunMultipulTime" name="getMethod" time="0.001"/>
  <system-out/>
  <testcase classname="atech.TestNGchellange.SameTestCaseRunMultipulTime" name="getMethod" time="0.002"/>
  <system-out/>
  <testcase classname="atech.TestNGchellange.SameTestCaseRunMultipulTime" name="getMethod" time="0.000"/>
  <system-out/>
  <testcase classname="atech.TestNGchellange.SameTestCaseRunMultipulTime" name="getMethod" time="0.002"/>
  <system-out/>
  <testcase classname="atech.TestNGchellange.SameTestCaseRunMultipulTime" name="getMethod" time="0.016"/>
  <system-out/>
  <testcase classname="atech.TestNGchellange.SameTestCaseRunMultipulTime" name="getMethod" time="0.002"/>
  <system-out/>
  <testcase classname="atech.TestNGchellange.SameTestCaseRunMultipulTime" name="getMethod" time="0.001"/>
  <system-out/>
  <testcase classname="atech.TestNGchellange.SameTestCaseRunMultipulTime" name="getMethod" time="0.001"/>
  <system-out/>
  <testcase classname="atech.TestNGchellange.SameTestCaseRunMultipulTime" name="getMethod" time="0.001"/>
  <system-out/>
  <testcase classname="atech.TestNGchellange.SameTestCaseRunMultipulTime" name="getMethod" time="0.001"/>
  <system-out/>
  <testcase classname="atech.TestNGchellange.SameTestCaseRunMultipulTime" name="getMethod" time="0.001"/>
  <system-out/>
  <testcase classname="atech.TestNGchellange.SameTestCaseRunMultipulTime" name="getMethod" time="0.001"/>
  <system-out/>
  <testcase classname="atech.TestNGchellange.SameTestCaseRunMultipulTime" name="getMethod" time="0.001"/>
  <system-out/>
  <testcase classname="atech.TestNGchellange.SameTestCaseRunMultipulTime" name="getMethod" time="0.001"/>
  <system-out/>
  <testcase classname="atech.TestNGchellange.SameTestCaseRunMultipulTime" name="getMethod" time="0.002"/>
  <system-out/>
  <testcase classname="atech.TestNGchellange.SameTestCaseRunMultipulTime" name="getMethod" time="0.001"/>
  <system-out/>
  <testcase classname="atech.TestNGchellange.SameTestCaseRunMultipulTime" name="getMethod" time="0.001"/>
  <system-out/>
  <testcase classname="atech.TestNGchellange.SameTestCaseRunMultipulTime" name="getMethod" time="0.001"/>
  <system-out/>
  <testcase classname="atech.TestNGchellange.SameTestCaseRunMultipulTime" name="getMethod" time="0.001"/>
  <system-out/>
  <testcase classname="atech.TestNGchellange.SameTestCaseRunMultipulTime" name="getMethod" time="0.001"/>
  <system-out/>
  <testcase classname="atech.TestNGchellange.SameTestCaseRunMultipulTime" name="getMethod" time="0.000"/>
  <system-out/>
  <testcase classname="atech.TestNGchellange.SameTestCaseRunMultipulTime" name="getMethod" time="0.002"/>
  <system-out/>
  <testcase classname="atech.TestNGchellange.SameTestCaseRunMultipulTime" name="getMethod" time="0.001"/>
  <system-out/>
  <testcase classname="atech.TestNGchellange.SameTestCaseRunMultipulTime" name="getMethod" time="0.002"/>
  <system-out/>
  <testcase classname="atech.TestNGchellange.SameTestCaseRunMultipulTime" name="getMethod" time="0.001"/>
  <system-out/>
  <testcase classname="atech.TestNGchellange.SameTestCaseRunMultipulTime" name="getMethod" time="0.001"/>
  <system-out/>
  <testcase classname="atech.TestNGchellange.SameTestCaseRunMultipulTime" name="getMethod" time="0.001"/>
  <system-out/>
  <testcase classname="atech.TestNGchellange.SameTestCaseRunMultipulTime" name="getMethod" time="0.001"/>
  <system-out/>
  <testcase classname="atech.TestNGchellange.SameTestCaseRunMultipulTime" name="getMethod" time="0.002"/>
  <system-out/>
  <testcase classname="atech.TestNGchellange.SameTestCaseRunMultipulTime" name="getMethod" time="0.001"/>
  <system-out/>
  <testcase classname="atech.TestNGchellange.SameTestCaseRunMultipulTime" name="getMethod" time="0.002"/>
  <system-out/>
  <testcase classname="atech.TestNGchellange.SameTestCaseRunMultipulTime" name="getMethod" time="0.001"/>
  <system-out/>
  <testcase classname="atech.TestNGchellange.SameTestCaseRunMultipulTime" name="getMethod" time="0.001"/>
  <system-out/>
  <testcase classname="atech.TestNGchellange.SameTestCaseRunMultipulTime" name="getMethod" time="0.002"/>
  <system-out/>
  <testcase classname="atech.TestNGchellange.SameTestCaseRunMultipulTime" name="getMethod" time="0.001"/>
  <system-out/>
  <testcase classname="atech.TestNGchellange.SameTestCaseRunMultipulTime" name="getMethod" time="0.001"/>
  <system-out/>
  <testcase classname="atech.TestNGchellange.SameTestCaseRunMultipulTime" name="getMethod" time="0.001"/>
  <system-out/>
  <testcase classname="atech.TestNGchellange.SameTestCaseRunMultipulTime" name="getMethod" time="0.000"/>
  <system-out/>
  <testcase classname="atech.TestNGchellange.SameTestCaseRunMultipulTime" name="getMethod" time="0.001"/>
  <system-out/>
  <testcase classname="atech.TestNGchellange.SameTestCaseRunMultipulTime" name="getMethod" time="0.001"/>
  <system-out/>
  <testcase classname="atech.TestNGchellange.SameTestCaseRunMultipulTime" name="getMethod" time="0.001"/>
  <system-out/>
  <testcase classname="atech.TestNGchellange.SameTestCaseRunMultipulTime" name="getMethod" time="0.002"/>
  <system-out/>
</testsuite> <!-- atech.TestNGchellange.SameTestCaseRunMultipulTime -->
