<?xml version="1.0" encoding="UTF-8"?>
<!-- Generated by org.testng.reporters.JUnitReportReporter -->
<testsuite hostname="LAPTOP-KSS2SG1G" failures="0" tests="3" name="atech.TestNGchellange.DepandsOnMethod" time="0.021" errors="0" timestamp="2023-05-15T01:27:43 EDT" skipped="0">
  <testcase classname="atech.TestNGchellange.DepandsOnMethod" name="getLogin" time="0.002"/>
  <system-out/>
  <testcase classname="atech.TestNGchellange.DepandsOnMethod" name="getOpenBrowser" time="0.017"/>
  <system-out/>
  <testcase classname="atech.TestNGchellange.DepandsOnMethod" name="getCloseBrowser" time="0.002"/>
  <system-out/>
</testsuite> <!-- atech.TestNGchellange.DepandsOnMethod -->
