<?xml version="1.0" encoding="UTF-8"?>
<!-- Generated by org.testng.reporters.JUnitReportReporter -->
<testsuite hostname="LAPTOP-KSS2SG1G" failures="0" tests="3" name="atech.TestNGchellange.CrossBrowserTest" time="19.928" errors="0" timestamp="2023-05-15T03:33:08 EDT" skipped="0">
  <testcase classname="atech.TestNGchellange.CrossBrowserTest" name="getLogin" time="3.649"/>
  <system-out/>
  <testcase classname="atech.TestNGchellange.CrossBrowserTest" name="getLogin" time="6.394"/>
  <system-out/>
  <testcase classname="atech.TestNGchellange.CrossBrowserTest" name="getLogin" time="9.885"/>
  <system-out/>
</testsuite> <!-- atech.TestNGchellange.CrossBrowserTest -->
