<?xml version="1.0" encoding="UTF-8"?>
<!-- Generated by org.testng.reporters.JUnitReportReporter -->
<testsuite hostname="LAPTOP-KSS2SG1G" failures="0" tests="1" name="atech.ny.myrunner.TestRunner" time="11.958" errors="0" timestamp="2023-05-15T21:53:19 EDT" skipped="0">
  <testcase classname="atech.ny.myrunner.TestRunner" name="runScenario" time="11.958"/>
  <system-out/>
</testsuite> <!-- atech.ny.myrunner.TestRunner -->
