<?xml version="1.0" encoding="UTF-8"?>
<!-- Generated by org.testng.reporters.JUnitReportReporter -->
<testsuite hostname="LAPTOP-KSS2SG1G" failures="0" tests="4" name="atech.ny.hooks.ParallalTesting" time="21.334" errors="0" timestamp="2023-05-13T18:50:31 EDT" skipped="0">
  <testcase classname="atech.ny.hooks.ParallalTesting" name="SenatyTest" time="3.581"/>
  <system-out/>
  <testcase classname="atech.ny.hooks.ParallalTesting" name="FunctionalTest" time="9.616"/>
  <system-out/>
  <testcase classname="atech.ny.hooks.ParallalTesting" name="RegressionTest" time="4.213"/>
  <system-out/>
  <testcase classname="atech.ny.hooks.ParallalTesting" name="SmokeTest" time="3.924"/>
  <system-out/>
</testsuite> <!-- atech.ny.hooks.ParallalTesting -->
