<?xml version="1.0" encoding="UTF-8"?>
<!-- Generated by org.testng.reporters.JUnitReportReporter -->
<testsuite hostname="LAPTOP-KSS2SG1G" failures="0" tests="1" name="atech.ny.myrunner.TestRunner" time="12.739" errors="0" timestamp="15 May 2023 18:45:36 GMT" skipped="0">
  <testcase classname="atech.ny.myrunner.TestRunner" name="runScenario" time="12.739"/>
</testsuite> <!-- atech.ny.myrunner.TestRunner -->
